[debug] [2026-01-18T08:34:25.314Z] ----------------------------------------------------------------------
[debug] [2026-01-18T08:34:25.319Z] Command:       C:\Program Files\nodejs\node.exe E:\TIO\Tionat-Nutrition-Hub\node_modules\firebase-tools\lib\bin\firebase.js deploy --only hosting
[debug] [2026-01-18T08:34:25.320Z] CLI Version:   15.1.0
[debug] [2026-01-18T08:34:25.320Z] Platform:      win32
[debug] [2026-01-18T08:34:25.320Z] Node Version:  v24.11.1
[debug] [2026-01-18T08:34:25.321Z] Time:          Sun Jan 18 2026 14:04:25 GMT+0530 (India Standard Time)
[debug] [2026-01-18T08:34:25.321Z] ----------------------------------------------------------------------
[debug] 
[debug] [2026-01-18T08:34:49.441Z] > command requires scopes: ["email","openid","https://www.googleapis.com/auth/cloudplatformprojects.readonly","https://www.googleapis.com/auth/firebase","https://www.googleapis.com/auth/cloud-platform"]
[debug] [2026-01-18T08:34:49.442Z] > authorizing via signed-in user (rajasuuri@gmail.com)
[debug] [2026-01-18T08:34:49.442Z] [iam] checking project studio-4862173023-78909 for permissions ["firebase.projects.get","firebasehosting.sites.update"]
[debug] [2026-01-18T08:34:49.443Z] Checked if tokens are valid: true, expires at: 1768727596630
[debug] [2026-01-18T08:34:49.444Z] Checked if tokens are valid: true, expires at: 1768727596630
[debug] [2026-01-18T08:34:49.445Z] >>> [apiv2][query] POST https://cloudresourcemanager.googleapis.com/v1/projects/studio-4862173023-78909:testIamPermissions [none]
[debug] [2026-01-18T08:34:49.445Z] >>> [apiv2][(partial)header] POST https://cloudresourcemanager.googleapis.com/v1/projects/studio-4862173023-78909:testIamPermissions x-goog-quota-user=projects/studio-4862173023-78909
[debug] [2026-01-18T08:34:49.445Z] >>> [apiv2][body] POST https://cloudresourcemanager.googleapis.com/v1/projects/studio-4862173023-78909:testIamPermissions {"permissions":["firebase.projects.get","firebasehosting.sites.update"]}
[debug] [2026-01-18T08:34:51.239Z] <<< [apiv2][status] POST https://cloudresourcemanager.googleapis.com/v1/projects/studio-4862173023-78909:testIamPermissions 200
[debug] [2026-01-18T08:34:51.239Z] <<< [apiv2][body] POST https://cloudresourcemanager.googleapis.com/v1/projects/studio-4862173023-78909:testIamPermissions {}
[debug] [2026-01-18T08:34:51.240Z] [iam] error while checking permissions, command may fail: Authorization failed. This account is missing the following required permissions on project studio-4862173023-78909:

  firebase.projects.get
  firebasehosting.sites.update
[debug] [2026-01-18T08:34:51.240Z] Checked if tokens are valid: true, expires at: 1768727596630
[debug] [2026-01-18T08:34:51.241Z] Checked if tokens are valid: true, expires at: 1768727596630
[debug] [2026-01-18T08:34:51.241Z] >>> [apiv2][query] GET https://firebase.googleapis.com/v1beta1/projects/studio-4862173023-78909 [none]
[debug] [2026-01-18T08:34:52.229Z] <<< [apiv2][status] GET https://firebase.googleapis.com/v1beta1/projects/studio-4862173023-78909 403
[debug] [2026-01-18T08:34:52.229Z] <<< [apiv2][body] GET https://firebase.googleapis.com/v1beta1/projects/studio-4862173023-78909 {"error":{"code":403,"message":"The caller does not have permission","status":"PERMISSION_DENIED"}}
[debug] [2026-01-18T08:34:52.230Z] Request to https://firebase.googleapis.com/v1beta1/projects/studio-4862173023-78909 had HTTP Error: 403, The caller does not have permission
[debug] [2026-01-18T08:34:52.232Z] FirebaseError: Request to https://firebase.googleapis.com/v1beta1/projects/studio-4862173023-78909 had HTTP Error: 403, The caller does not have permission
    at responseToError (E:\TIO\Tionat-Nutrition-Hub\node_modules\firebase-tools\lib\responseToError.js:53:12)
    at RetryOperation._fn (E:\TIO\Tionat-Nutrition-Hub\node_modules\firebase-tools\lib\apiv2.js:322:77)
    at process.processTicksAndRejections (node:internal/process/task_queues:103:5)
[error] 
[error] Error: Failed to get Firebase project studio-4862173023-78909. Please make sure the project exists and your account has permission to access it.
